Registering MonadRandom-0.4.2.2...
nesweeper\.cabal-sandbox\x86_64-windows-ghc-7.10.2\MonadRandom-0.4.2.2-AWRqvU9bjFW1eRyUwYt1r4
rol\Monad\Random\Class.hs, dist\dist-sandbox-b495f0f0\build\Control\Monad\Random\Class.o )
[2 of 2] Compiling Control.Monad.Random ( Control\Monad\Random.hs, dist\dist-sandbox-b495f0f0\build\Control\Monad\Random.o )

Control\Monad\Random.hs:53:1: Warning:
    Module `Control.Monad.Error' is deprecated:
      Use Control.Monad.Except instead

Control\Monad\Random.hs:69:1: Warning:
    The import of `Data.Monoid' is redundant
      except perhaps to import instances from `Data.Monoid'
    To import instances alone, use: import Data.Monoid()

Control\Monad\Random.hs:205:11: Warning:
    In the use of type constructor or class `Error'
    (imported from Control.Monad.Error, but defined in Control.Monad.Trans.Error):
    Deprecated: "Use Control.Monad.Trans.Except instead"

Control\Monad\Random.hs:205:51: Warning:
    In the use of type constructor or class `ErrorT'
    (imported from Control.Monad.Error, but defined in Control.Monad.Trans.Error):
    Deprecated: "Use Control.Monad.Trans.Except instead"

Control\Monad\Random.hs:250:11: Warning:
    In the use of type constructor or class `Error'
    (imported from Control.Monad.Error, but defined in Control.Monad.Trans.Error):
    Deprecated: "Use Control.Monad.Trans.Except instead"

Control\Monad\Random.hs:250:53: Warning:
    In the use of type constructor or class `ErrorT'
    (imported from Control.Monad.Error, but defined in Control.Monad.Trans.Error):
    Deprecated: "Use Control.Monad.Trans.Except instead"
In-place registering MonadRandom-0.4.2.2...
